

Started GET "/" for 10.0.2.2 at 2014-08-09 17:10:53 +0900

Mysql2::Error (Access denied for user 'root'@'localhost' (using password: YES)):
  /home.rbenv/versions/2.1.2/lib/ruby/gems/2.1.0/gems/mysql2-0.3.16/lib/mysql2/client.rb:70:in `connect'
  /home.rbenv/versions/2.1.2/lib/ruby/gems/2.1.0/gems/mysql2-0.3.16/lib/mysql2/client.rb:70:in `initialize'
  /home.rbenv/versions/2.1.2/lib/ruby/gems/2.1.0/gems/activerecord-4.1.4/lib/active_record/connection_adapters/mysql2_adapter.rb:18:in `new'
  /home.rbenv/versions/2.1.2/lib/ruby/gems/2.1.0/gems/activerecord-4.1.4/lib/active_record/connection_adapters/mysql2_adapter.rb:18:in `mysql2_connection'
  /home.rbenv/versions/2.1.2/lib/ruby/gems/2.1.0/gems/activerecord-4.1.4/lib/active_record/connection_adapters/abstract/connection_pool.rb:435:in `new_connection'
  /home.rbenv/versions/2.1.2/lib/ruby/gems/2.1.0/gems/activerecord-4.1.4/lib/active_record/connection_adapters/abstract/connection_pool.rb:445:in `checkout_new_connection'
  /home.rbenv/versions/2.1.2/lib/ruby/gems/2.1.0/gems/activerecord-4.1.4/lib/active_record/connection_adapters/abstract/connection_pool.rb:416:in `acquire_connection'
  /home.rbenv/versions/2.1.2/lib/ruby/gems/2.1.0/gems/activerecord-4.1.4/lib/active_record/connection_adapters/abstract/connection_pool.rb:351:in `block in checkout'
  /home.rbenv/versions/2.1.2/lib/ruby/2.1.0/monitor.rb:211:in `mon_synchronize'
  /home.rbenv/versions/2.1.2/lib/ruby/gems/2.1.0/gems/activerecord-4.1.4/lib/active_record/connection_adapters/abstract/connection_pool.rb:350:in `checkout'
  /home.rbenv/versions/2.1.2/lib/ruby/gems/2.1.0/gems/activerecord-4.1.4/lib/active_record/connection_adapters/abstract/connection_pool.rb:265:in `block in connection'
  /home.rbenv/versions/2.1.2/lib/ruby/2.1.0/monitor.rb:211:in `mon_synchronize'
  /home.rbenv/versions/2.1.2/lib/ruby/gems/2.1.0/gems/activerecord-4.1.4/lib/active_record/connection_adapters/abstract/connection_pool.rb:264:in `connection'
  /home.rbenv/versions/2.1.2/lib/ruby/gems/2.1.0/gems/activerecord-4.1.4/lib/active_record/connection_adapters/abstract/connection_pool.rb:541:in `retrieve_connection'
  /home.rbenv/versions/2.1.2/lib/ruby/gems/2.1.0/gems/activerecord-4.1.4/lib/active_record/connection_handling.rb:113:in `retrieve_connection'
  /home.rbenv/versions/2.1.2/lib/ruby/gems/2.1.0/gems/activerecord-4.1.4/lib/active_record/connection_handling.rb:87:in `connection'
  /home.rbenv/versions/2.1.2/lib/ruby/gems/2.1.0/gems/activerecord-4.1.4/lib/active_record/query_cache.rb:51:in `restore_query_cache_settings'
  /home.rbenv/versions/2.1.2/lib/ruby/gems/2.1.0/gems/activerecord-4.1.4/lib/active_record/query_cache.rb:43:in `rescue in call'
  /home.rbenv/versions/2.1.2/lib/ruby/gems/2.1.0/gems/activerecord-4.1.4/lib/active_record/query_cache.rb:32:in `call'
  /home.rbenv/versions/2.1.2/lib/ruby/gems/2.1.0/gems/activerecord-4.1.4/lib/active_record/connection_adapters/abstract/connection_pool.rb:621:in `call'
  /home.rbenv/versions/2.1.2/lib/ruby/gems/2.1.0/gems/activerecord-4.1.4/lib/active_record/migration.rb:380:in `call'
  /home.rbenv/versions/2.1.2/lib/ruby/gems/2.1.0/gems/actionpack-4.1.4/lib/action_dispatch/middleware/callbacks.rb:29:in `block in call'
  /home.rbenv/versions/2.1.2/lib/ruby/gems/2.1.0/gems/activesupport-4.1.4/lib/active_support/callbacks.rb:82:in `run_callbacks'
  /home.rbenv/versions/2.1.2/lib/ruby/gems/2.1.0/gems/actionpack-4.1.4/lib/action_dispatch/middleware/callbacks.rb:27:in `call'
  /home.rbenv/versions/2.1.2/lib/ruby/gems/2.1.0/gems/actionpack-4.1.4/lib/action_dispatch/middleware/reloader.rb:73:in `call'
  /home.rbenv/versions/2.1.2/lib/ruby/gems/2.1.0/gems/actionpack-4.1.4/lib/action_dispatch/middleware/remote_ip.rb:76:in `call'
  /home.rbenv/versions/2.1.2/lib/ruby/gems/2.1.0/gems/actionpack-4.1.4/lib/action_dispatch/middleware/debug_exceptions.rb:17:in `call'
  /home.rbenv/versions/2.1.2/lib/ruby/gems/2.1.0/gems/actionpack-4.1.4/lib/action_dispatch/middleware/show_exceptions.rb:30:in `call'
  /home.rbenv/versions/2.1.2/lib/ruby/gems/2.1.0/gems/railties-4.1.4/lib/rails/rack/logger.rb:38:in `call_app'
  /home.rbenv/versions/2.1.2/lib/ruby/gems/2.1.0/gems/railties-4.1.4/lib/rails/rack/logger.rb:20:in `block in call'
  /home.rbenv/versions/2.1.2/lib/ruby/gems/2.1.0/gems/activesupport-4.1.4/lib/active_support/tagged_logging.rb:68:in `block in tagged'
  /home.rbenv/versions/2.1.2/lib/ruby/gems/2.1.0/gems/activesupport-4.1.4/lib/active_support/tagged_logging.rb:26:in `tagged'
  /home.rbenv/versions/2.1.2/lib/ruby/gems/2.1.0/gems/activesupport-4.1.4/lib/active_support/tagged_logging.rb:68:in `tagged'
  /home.rbenv/versions/2.1.2/lib/ruby/gems/2.1.0/gems/railties-4.1.4/lib/rails/rack/logger.rb:20:in `call'
  /home.rbenv/versions/2.1.2/lib/ruby/gems/2.1.0/gems/actionpack-4.1.4/lib/action_dispatch/middleware/request_id.rb:21:in `call'
  /home.rbenv/versions/2.1.2/lib/ruby/gems/2.1.0/gems/rack-1.5.2/lib/rack/methodoverride.rb:21:in `call'
  /home.rbenv/versions/2.1.2/lib/ruby/gems/2.1.0/gems/rack-1.5.2/lib/rack/runtime.rb:17:in `call'
  /home.rbenv/versions/2.1.2/lib/ruby/gems/2.1.0/gems/activesupport-4.1.4/lib/active_support/cache/strategy/local_cache_middleware.rb:26:in `call'
  /home.rbenv/versions/2.1.2/lib/ruby/gems/2.1.0/gems/rack-1.5.2/lib/rack/lock.rb:17:in `call'
  /home.rbenv/versions/2.1.2/lib/ruby/gems/2.1.0/gems/actionpack-4.1.4/lib/action_dispatch/middleware/static.rb:64:in `call'
  /home.rbenv/versions/2.1.2/lib/ruby/gems/2.1.0/gems/rack-1.5.2/lib/rack/sendfile.rb:112:in `call'
  /home.rbenv/versions/2.1.2/lib/ruby/gems/2.1.0/gems/railties-4.1.4/lib/rails/engine.rb:514:in `call'
  /home.rbenv/versions/2.1.2/lib/ruby/gems/2.1.0/gems/railties-4.1.4/lib/rails/application.rb:144:in `call'
  /home.rbenv/versions/2.1.2/lib/ruby/gems/2.1.0/gems/rack-1.5.2/lib/rack/lock.rb:17:in `call'
  /home.rbenv/versions/2.1.2/lib/ruby/gems/2.1.0/gems/rack-1.5.2/lib/rack/content_length.rb:14:in `call'
  /home.rbenv/versions/2.1.2/lib/ruby/gems/2.1.0/gems/rack-1.5.2/lib/rack/handler/webrick.rb:60:in `service'
  /home.rbenv/versions/2.1.2/lib/ruby/2.1.0/webrick/httpserver.rb:138:in `service'
  /home.rbenv/versions/2.1.2/lib/ruby/2.1.0/webrick/httpserver.rb:94:in `run'
  /home.rbenv/versions/2.1.2/lib/ruby/2.1.0/webrick/server.rb:295:in `block in start_thread'


  Rendered /home.rbenv/versions/2.1.2/lib/ruby/gems/2.1.0/gems/actionpack-4.1.4/lib/action_dispatch/middleware/templates/rescues/_source.erb (1.8ms)
  Rendered /home.rbenv/versions/2.1.2/lib/ruby/gems/2.1.0/gems/actionpack-4.1.4/lib/action_dispatch/middleware/templates/rescues/_trace.html.erb (4.2ms)
  Rendered /home.rbenv/versions/2.1.2/lib/ruby/gems/2.1.0/gems/actionpack-4.1.4/lib/action_dispatch/middleware/templates/rescues/_request_and_response.html.erb (2.9ms)
  Rendered /home.rbenv/versions/2.1.2/lib/ruby/gems/2.1.0/gems/actionpack-4.1.4/lib/action_dispatch/middleware/templates/rescues/diagnostics.erb within rescues/layout (46.7ms)


Started GET "/" for 10.0.2.2 at 2014-08-09 17:21:08 +0900

ActiveRecord::NoDatabaseError (Unknown database 'baukis_development'Run `$ bin/rake db:create db:migrate` to create your database):
  /home.rbenv/versions/2.1.2/lib/ruby/gems/2.1.0/gems/activerecord-4.1.4/lib/active_record/connection_adapters/mysql2_adapter.rb:23:in `rescue in mysql2_connection'
  /home.rbenv/versions/2.1.2/lib/ruby/gems/2.1.0/gems/activerecord-4.1.4/lib/active_record/connection_adapters/mysql2_adapter.rb:10:in `mysql2_connection'
  /home.rbenv/versions/2.1.2/lib/ruby/gems/2.1.0/gems/activerecord-4.1.4/lib/active_record/connection_adapters/abstract/connection_pool.rb:435:in `new_connection'
  /home.rbenv/versions/2.1.2/lib/ruby/gems/2.1.0/gems/activerecord-4.1.4/lib/active_record/connection_adapters/abstract/connection_pool.rb:445:in `checkout_new_connection'
  /home.rbenv/versions/2.1.2/lib/ruby/gems/2.1.0/gems/activerecord-4.1.4/lib/active_record/connection_adapters/abstract/connection_pool.rb:416:in `acquire_connection'
  /home.rbenv/versions/2.1.2/lib/ruby/gems/2.1.0/gems/activerecord-4.1.4/lib/active_record/connection_adapters/abstract/connection_pool.rb:351:in `block in checkout'
  /home.rbenv/versions/2.1.2/lib/ruby/2.1.0/monitor.rb:211:in `mon_synchronize'
  /home.rbenv/versions/2.1.2/lib/ruby/gems/2.1.0/gems/activerecord-4.1.4/lib/active_record/connection_adapters/abstract/connection_pool.rb:350:in `checkout'
  /home.rbenv/versions/2.1.2/lib/ruby/gems/2.1.0/gems/activerecord-4.1.4/lib/active_record/connection_adapters/abstract/connection_pool.rb:265:in `block in connection'
  /home.rbenv/versions/2.1.2/lib/ruby/2.1.0/monitor.rb:211:in `mon_synchronize'
  /home.rbenv/versions/2.1.2/lib/ruby/gems/2.1.0/gems/activerecord-4.1.4/lib/active_record/connection_adapters/abstract/connection_pool.rb:264:in `connection'
  /home.rbenv/versions/2.1.2/lib/ruby/gems/2.1.0/gems/activerecord-4.1.4/lib/active_record/connection_adapters/abstract/connection_pool.rb:541:in `retrieve_connection'
  /home.rbenv/versions/2.1.2/lib/ruby/gems/2.1.0/gems/activerecord-4.1.4/lib/active_record/connection_handling.rb:113:in `retrieve_connection'
  /home.rbenv/versions/2.1.2/lib/ruby/gems/2.1.0/gems/activerecord-4.1.4/lib/active_record/connection_handling.rb:87:in `connection'
  /home.rbenv/versions/2.1.2/lib/ruby/gems/2.1.0/gems/activerecord-4.1.4/lib/active_record/query_cache.rb:51:in `restore_query_cache_settings'
  /home.rbenv/versions/2.1.2/lib/ruby/gems/2.1.0/gems/activerecord-4.1.4/lib/active_record/query_cache.rb:43:in `rescue in call'
  /home.rbenv/versions/2.1.2/lib/ruby/gems/2.1.0/gems/activerecord-4.1.4/lib/active_record/query_cache.rb:32:in `call'
  /home.rbenv/versions/2.1.2/lib/ruby/gems/2.1.0/gems/activerecord-4.1.4/lib/active_record/connection_adapters/abstract/connection_pool.rb:621:in `call'
  /home.rbenv/versions/2.1.2/lib/ruby/gems/2.1.0/gems/activerecord-4.1.4/lib/active_record/migration.rb:380:in `call'
  /home.rbenv/versions/2.1.2/lib/ruby/gems/2.1.0/gems/actionpack-4.1.4/lib/action_dispatch/middleware/callbacks.rb:29:in `block in call'
  /home.rbenv/versions/2.1.2/lib/ruby/gems/2.1.0/gems/activesupport-4.1.4/lib/active_support/callbacks.rb:82:in `run_callbacks'
  /home.rbenv/versions/2.1.2/lib/ruby/gems/2.1.0/gems/actionpack-4.1.4/lib/action_dispatch/middleware/callbacks.rb:27:in `call'
  /home.rbenv/versions/2.1.2/lib/ruby/gems/2.1.0/gems/actionpack-4.1.4/lib/action_dispatch/middleware/reloader.rb:73:in `call'
  /home.rbenv/versions/2.1.2/lib/ruby/gems/2.1.0/gems/actionpack-4.1.4/lib/action_dispatch/middleware/remote_ip.rb:76:in `call'
  /home.rbenv/versions/2.1.2/lib/ruby/gems/2.1.0/gems/actionpack-4.1.4/lib/action_dispatch/middleware/debug_exceptions.rb:17:in `call'
  /home.rbenv/versions/2.1.2/lib/ruby/gems/2.1.0/gems/actionpack-4.1.4/lib/action_dispatch/middleware/show_exceptions.rb:30:in `call'
  /home.rbenv/versions/2.1.2/lib/ruby/gems/2.1.0/gems/railties-4.1.4/lib/rails/rack/logger.rb:38:in `call_app'
  /home.rbenv/versions/2.1.2/lib/ruby/gems/2.1.0/gems/railties-4.1.4/lib/rails/rack/logger.rb:20:in `block in call'
  /home.rbenv/versions/2.1.2/lib/ruby/gems/2.1.0/gems/activesupport-4.1.4/lib/active_support/tagged_logging.rb:68:in `block in tagged'
  /home.rbenv/versions/2.1.2/lib/ruby/gems/2.1.0/gems/activesupport-4.1.4/lib/active_support/tagged_logging.rb:26:in `tagged'
  /home.rbenv/versions/2.1.2/lib/ruby/gems/2.1.0/gems/activesupport-4.1.4/lib/active_support/tagged_logging.rb:68:in `tagged'
  /home.rbenv/versions/2.1.2/lib/ruby/gems/2.1.0/gems/railties-4.1.4/lib/rails/rack/logger.rb:20:in `call'
  /home.rbenv/versions/2.1.2/lib/ruby/gems/2.1.0/gems/actionpack-4.1.4/lib/action_dispatch/middleware/request_id.rb:21:in `call'
  /home.rbenv/versions/2.1.2/lib/ruby/gems/2.1.0/gems/rack-1.5.2/lib/rack/methodoverride.rb:21:in `call'
  /home.rbenv/versions/2.1.2/lib/ruby/gems/2.1.0/gems/rack-1.5.2/lib/rack/runtime.rb:17:in `call'
  /home.rbenv/versions/2.1.2/lib/ruby/gems/2.1.0/gems/activesupport-4.1.4/lib/active_support/cache/strategy/local_cache_middleware.rb:26:in `call'
  /home.rbenv/versions/2.1.2/lib/ruby/gems/2.1.0/gems/rack-1.5.2/lib/rack/lock.rb:17:in `call'
  /home.rbenv/versions/2.1.2/lib/ruby/gems/2.1.0/gems/actionpack-4.1.4/lib/action_dispatch/middleware/static.rb:64:in `call'
  /home.rbenv/versions/2.1.2/lib/ruby/gems/2.1.0/gems/rack-1.5.2/lib/rack/sendfile.rb:112:in `call'
  /home.rbenv/versions/2.1.2/lib/ruby/gems/2.1.0/gems/railties-4.1.4/lib/rails/engine.rb:514:in `call'
  /home.rbenv/versions/2.1.2/lib/ruby/gems/2.1.0/gems/railties-4.1.4/lib/rails/application.rb:144:in `call'
  /home.rbenv/versions/2.1.2/lib/ruby/gems/2.1.0/gems/rack-1.5.2/lib/rack/lock.rb:17:in `call'
  /home.rbenv/versions/2.1.2/lib/ruby/gems/2.1.0/gems/rack-1.5.2/lib/rack/content_length.rb:14:in `call'
  /home.rbenv/versions/2.1.2/lib/ruby/gems/2.1.0/gems/rack-1.5.2/lib/rack/handler/webrick.rb:60:in `service'
  /home.rbenv/versions/2.1.2/lib/ruby/2.1.0/webrick/httpserver.rb:138:in `service'
  /home.rbenv/versions/2.1.2/lib/ruby/2.1.0/webrick/httpserver.rb:94:in `run'
  /home.rbenv/versions/2.1.2/lib/ruby/2.1.0/webrick/server.rb:295:in `block in start_thread'


  Rendered /home.rbenv/versions/2.1.2/lib/ruby/gems/2.1.0/gems/actionpack-4.1.4/lib/action_dispatch/middleware/templates/rescues/_source.erb (1.2ms)
  Rendered /home.rbenv/versions/2.1.2/lib/ruby/gems/2.1.0/gems/actionpack-4.1.4/lib/action_dispatch/middleware/templates/rescues/_trace.html.erb (4.1ms)
  Rendered /home.rbenv/versions/2.1.2/lib/ruby/gems/2.1.0/gems/actionpack-4.1.4/lib/action_dispatch/middleware/templates/rescues/_request_and_response.html.erb (2.9ms)
  Rendered /home.rbenv/versions/2.1.2/lib/ruby/gems/2.1.0/gems/actionpack-4.1.4/lib/action_dispatch/middleware/templates/rescues/diagnostics.erb within rescues/layout (58.7ms)


Started GET "/" for 10.0.2.2 at 2014-08-09 17:24:39 +0900

Mysql2::Error (Access denied for user 'root'@'localhost' (using password: YES)):
  /home.rbenv/versions/2.1.2/lib/ruby/gems/2.1.0/gems/mysql2-0.3.16/lib/mysql2/client.rb:70:in `connect'
  /home.rbenv/versions/2.1.2/lib/ruby/gems/2.1.0/gems/mysql2-0.3.16/lib/mysql2/client.rb:70:in `initialize'
  /home.rbenv/versions/2.1.2/lib/ruby/gems/2.1.0/gems/activerecord-4.1.4/lib/active_record/connection_adapters/mysql2_adapter.rb:18:in `new'
  /home.rbenv/versions/2.1.2/lib/ruby/gems/2.1.0/gems/activerecord-4.1.4/lib/active_record/connection_adapters/mysql2_adapter.rb:18:in `mysql2_connection'
  /home.rbenv/versions/2.1.2/lib/ruby/gems/2.1.0/gems/activerecord-4.1.4/lib/active_record/connection_adapters/abstract/connection_pool.rb:435:in `new_connection'
  /home.rbenv/versions/2.1.2/lib/ruby/gems/2.1.0/gems/activerecord-4.1.4/lib/active_record/connection_adapters/abstract/connection_pool.rb:445:in `checkout_new_connection'
  /home.rbenv/versions/2.1.2/lib/ruby/gems/2.1.0/gems/activerecord-4.1.4/lib/active_record/connection_adapters/abstract/connection_pool.rb:416:in `acquire_connection'
  /home.rbenv/versions/2.1.2/lib/ruby/gems/2.1.0/gems/activerecord-4.1.4/lib/active_record/connection_adapters/abstract/connection_pool.rb:351:in `block in checkout'
  /home.rbenv/versions/2.1.2/lib/ruby/2.1.0/monitor.rb:211:in `mon_synchronize'
  /home.rbenv/versions/2.1.2/lib/ruby/gems/2.1.0/gems/activerecord-4.1.4/lib/active_record/connection_adapters/abstract/connection_pool.rb:350:in `checkout'
  /home.rbenv/versions/2.1.2/lib/ruby/gems/2.1.0/gems/activerecord-4.1.4/lib/active_record/connection_adapters/abstract/connection_pool.rb:265:in `block in connection'
  /home.rbenv/versions/2.1.2/lib/ruby/2.1.0/monitor.rb:211:in `mon_synchronize'
  /home.rbenv/versions/2.1.2/lib/ruby/gems/2.1.0/gems/activerecord-4.1.4/lib/active_record/connection_adapters/abstract/connection_pool.rb:264:in `connection'
  /home.rbenv/versions/2.1.2/lib/ruby/gems/2.1.0/gems/activerecord-4.1.4/lib/active_record/connection_adapters/abstract/connection_pool.rb:541:in `retrieve_connection'
  /home.rbenv/versions/2.1.2/lib/ruby/gems/2.1.0/gems/activerecord-4.1.4/lib/active_record/connection_handling.rb:113:in `retrieve_connection'
  /home.rbenv/versions/2.1.2/lib/ruby/gems/2.1.0/gems/activerecord-4.1.4/lib/active_record/connection_handling.rb:87:in `connection'
  /home.rbenv/versions/2.1.2/lib/ruby/gems/2.1.0/gems/activerecord-4.1.4/lib/active_record/query_cache.rb:51:in `restore_query_cache_settings'
  /home.rbenv/versions/2.1.2/lib/ruby/gems/2.1.0/gems/activerecord-4.1.4/lib/active_record/query_cache.rb:43:in `rescue in call'
  /home.rbenv/versions/2.1.2/lib/ruby/gems/2.1.0/gems/activerecord-4.1.4/lib/active_record/query_cache.rb:32:in `call'
  /home.rbenv/versions/2.1.2/lib/ruby/gems/2.1.0/gems/activerecord-4.1.4/lib/active_record/connection_adapters/abstract/connection_pool.rb:621:in `call'
  /home.rbenv/versions/2.1.2/lib/ruby/gems/2.1.0/gems/activerecord-4.1.4/lib/active_record/migration.rb:380:in `call'
  /home.rbenv/versions/2.1.2/lib/ruby/gems/2.1.0/gems/actionpack-4.1.4/lib/action_dispatch/middleware/callbacks.rb:29:in `block in call'
  /home.rbenv/versions/2.1.2/lib/ruby/gems/2.1.0/gems/activesupport-4.1.4/lib/active_support/callbacks.rb:82:in `run_callbacks'
  /home.rbenv/versions/2.1.2/lib/ruby/gems/2.1.0/gems/actionpack-4.1.4/lib/action_dispatch/middleware/callbacks.rb:27:in `call'
  /home.rbenv/versions/2.1.2/lib/ruby/gems/2.1.0/gems/actionpack-4.1.4/lib/action_dispatch/middleware/reloader.rb:73:in `call'
  /home.rbenv/versions/2.1.2/lib/ruby/gems/2.1.0/gems/actionpack-4.1.4/lib/action_dispatch/middleware/remote_ip.rb:76:in `call'
  /home.rbenv/versions/2.1.2/lib/ruby/gems/2.1.0/gems/actionpack-4.1.4/lib/action_dispatch/middleware/debug_exceptions.rb:17:in `call'
  /home.rbenv/versions/2.1.2/lib/ruby/gems/2.1.0/gems/actionpack-4.1.4/lib/action_dispatch/middleware/show_exceptions.rb:30:in `call'
  /home.rbenv/versions/2.1.2/lib/ruby/gems/2.1.0/gems/railties-4.1.4/lib/rails/rack/logger.rb:38:in `call_app'
  /home.rbenv/versions/2.1.2/lib/ruby/gems/2.1.0/gems/railties-4.1.4/lib/rails/rack/logger.rb:20:in `block in call'
  /home.rbenv/versions/2.1.2/lib/ruby/gems/2.1.0/gems/activesupport-4.1.4/lib/active_support/tagged_logging.rb:68:in `block in tagged'
  /home.rbenv/versions/2.1.2/lib/ruby/gems/2.1.0/gems/activesupport-4.1.4/lib/active_support/tagged_logging.rb:26:in `tagged'
  /home.rbenv/versions/2.1.2/lib/ruby/gems/2.1.0/gems/activesupport-4.1.4/lib/active_support/tagged_logging.rb:68:in `tagged'
  /home.rbenv/versions/2.1.2/lib/ruby/gems/2.1.0/gems/railties-4.1.4/lib/rails/rack/logger.rb:20:in `call'
  /home.rbenv/versions/2.1.2/lib/ruby/gems/2.1.0/gems/actionpack-4.1.4/lib/action_dispatch/middleware/request_id.rb:21:in `call'
  /home.rbenv/versions/2.1.2/lib/ruby/gems/2.1.0/gems/rack-1.5.2/lib/rack/methodoverride.rb:21:in `call'
  /home.rbenv/versions/2.1.2/lib/ruby/gems/2.1.0/gems/rack-1.5.2/lib/rack/runtime.rb:17:in `call'
  /home.rbenv/versions/2.1.2/lib/ruby/gems/2.1.0/gems/activesupport-4.1.4/lib/active_support/cache/strategy/local_cache_middleware.rb:26:in `call'
  /home.rbenv/versions/2.1.2/lib/ruby/gems/2.1.0/gems/rack-1.5.2/lib/rack/lock.rb:17:in `call'
  /home.rbenv/versions/2.1.2/lib/ruby/gems/2.1.0/gems/actionpack-4.1.4/lib/action_dispatch/middleware/static.rb:64:in `call'
  /home.rbenv/versions/2.1.2/lib/ruby/gems/2.1.0/gems/rack-1.5.2/lib/rack/sendfile.rb:112:in `call'
  /home.rbenv/versions/2.1.2/lib/ruby/gems/2.1.0/gems/railties-4.1.4/lib/rails/engine.rb:514:in `call'
  /home.rbenv/versions/2.1.2/lib/ruby/gems/2.1.0/gems/railties-4.1.4/lib/rails/application.rb:144:in `call'
  /home.rbenv/versions/2.1.2/lib/ruby/gems/2.1.0/gems/rack-1.5.2/lib/rack/lock.rb:17:in `call'
  /home.rbenv/versions/2.1.2/lib/ruby/gems/2.1.0/gems/rack-1.5.2/lib/rack/content_length.rb:14:in `call'
  /home.rbenv/versions/2.1.2/lib/ruby/gems/2.1.0/gems/rack-1.5.2/lib/rack/handler/webrick.rb:60:in `service'
  /home.rbenv/versions/2.1.2/lib/ruby/2.1.0/webrick/httpserver.rb:138:in `service'
  /home.rbenv/versions/2.1.2/lib/ruby/2.1.0/webrick/httpserver.rb:94:in `run'
  /home.rbenv/versions/2.1.2/lib/ruby/2.1.0/webrick/server.rb:295:in `block in start_thread'


  Rendered /home.rbenv/versions/2.1.2/lib/ruby/gems/2.1.0/gems/actionpack-4.1.4/lib/action_dispatch/middleware/templates/rescues/_source.erb (2.1ms)
  Rendered /home.rbenv/versions/2.1.2/lib/ruby/gems/2.1.0/gems/actionpack-4.1.4/lib/action_dispatch/middleware/templates/rescues/_trace.html.erb (4.8ms)
  Rendered /home.rbenv/versions/2.1.2/lib/ruby/gems/2.1.0/gems/actionpack-4.1.4/lib/action_dispatch/middleware/templates/rescues/_request_and_response.html.erb (2.9ms)
  Rendered /home.rbenv/versions/2.1.2/lib/ruby/gems/2.1.0/gems/actionpack-4.1.4/lib/action_dispatch/middleware/templates/rescues/diagnostics.erb within rescues/layout (82.2ms)


Started GET "/" for 10.0.2.2 at 2014-08-09 17:35:32 +0900

ActiveRecord::NoDatabaseError (Unknown database 'baukis_development'Run `$ bin/rake db:create db:migrate` to create your database):
  /home.rbenv/versions/2.1.2/lib/ruby/gems/2.1.0/gems/activerecord-4.1.4/lib/active_record/connection_adapters/mysql2_adapter.rb:23:in `rescue in mysql2_connection'
  /home.rbenv/versions/2.1.2/lib/ruby/gems/2.1.0/gems/activerecord-4.1.4/lib/active_record/connection_adapters/mysql2_adapter.rb:10:in `mysql2_connection'
  /home.rbenv/versions/2.1.2/lib/ruby/gems/2.1.0/gems/activerecord-4.1.4/lib/active_record/connection_adapters/abstract/connection_pool.rb:435:in `new_connection'
  /home.rbenv/versions/2.1.2/lib/ruby/gems/2.1.0/gems/activerecord-4.1.4/lib/active_record/connection_adapters/abstract/connection_pool.rb:445:in `checkout_new_connection'
  /home.rbenv/versions/2.1.2/lib/ruby/gems/2.1.0/gems/activerecord-4.1.4/lib/active_record/connection_adapters/abstract/connection_pool.rb:416:in `acquire_connection'
  /home.rbenv/versions/2.1.2/lib/ruby/gems/2.1.0/gems/activerecord-4.1.4/lib/active_record/connection_adapters/abstract/connection_pool.rb:351:in `block in checkout'
  /home.rbenv/versions/2.1.2/lib/ruby/2.1.0/monitor.rb:211:in `mon_synchronize'
  /home.rbenv/versions/2.1.2/lib/ruby/gems/2.1.0/gems/activerecord-4.1.4/lib/active_record/connection_adapters/abstract/connection_pool.rb:350:in `checkout'
  /home.rbenv/versions/2.1.2/lib/ruby/gems/2.1.0/gems/activerecord-4.1.4/lib/active_record/connection_adapters/abstract/connection_pool.rb:265:in `block in connection'
  /home.rbenv/versions/2.1.2/lib/ruby/2.1.0/monitor.rb:211:in `mon_synchronize'
  /home.rbenv/versions/2.1.2/lib/ruby/gems/2.1.0/gems/activerecord-4.1.4/lib/active_record/connection_adapters/abstract/connection_pool.rb:264:in `connection'
  /home.rbenv/versions/2.1.2/lib/ruby/gems/2.1.0/gems/activerecord-4.1.4/lib/active_record/connection_adapters/abstract/connection_pool.rb:541:in `retrieve_connection'
  /home.rbenv/versions/2.1.2/lib/ruby/gems/2.1.0/gems/activerecord-4.1.4/lib/active_record/connection_handling.rb:113:in `retrieve_connection'
  /home.rbenv/versions/2.1.2/lib/ruby/gems/2.1.0/gems/activerecord-4.1.4/lib/active_record/connection_handling.rb:87:in `connection'
  /home.rbenv/versions/2.1.2/lib/ruby/gems/2.1.0/gems/activerecord-4.1.4/lib/active_record/query_cache.rb:51:in `restore_query_cache_settings'
  /home.rbenv/versions/2.1.2/lib/ruby/gems/2.1.0/gems/activerecord-4.1.4/lib/active_record/query_cache.rb:43:in `rescue in call'
  /home.rbenv/versions/2.1.2/lib/ruby/gems/2.1.0/gems/activerecord-4.1.4/lib/active_record/query_cache.rb:32:in `call'
  /home.rbenv/versions/2.1.2/lib/ruby/gems/2.1.0/gems/activerecord-4.1.4/lib/active_record/connection_adapters/abstract/connection_pool.rb:621:in `call'
  /home.rbenv/versions/2.1.2/lib/ruby/gems/2.1.0/gems/activerecord-4.1.4/lib/active_record/migration.rb:380:in `call'
  /home.rbenv/versions/2.1.2/lib/ruby/gems/2.1.0/gems/actionpack-4.1.4/lib/action_dispatch/middleware/callbacks.rb:29:in `block in call'
  /home.rbenv/versions/2.1.2/lib/ruby/gems/2.1.0/gems/activesupport-4.1.4/lib/active_support/callbacks.rb:82:in `run_callbacks'
  /home.rbenv/versions/2.1.2/lib/ruby/gems/2.1.0/gems/actionpack-4.1.4/lib/action_dispatch/middleware/callbacks.rb:27:in `call'
  /home.rbenv/versions/2.1.2/lib/ruby/gems/2.1.0/gems/actionpack-4.1.4/lib/action_dispatch/middleware/reloader.rb:73:in `call'
  /home.rbenv/versions/2.1.2/lib/ruby/gems/2.1.0/gems/actionpack-4.1.4/lib/action_dispatch/middleware/remote_ip.rb:76:in `call'
  /home.rbenv/versions/2.1.2/lib/ruby/gems/2.1.0/gems/actionpack-4.1.4/lib/action_dispatch/middleware/debug_exceptions.rb:17:in `call'
  /home.rbenv/versions/2.1.2/lib/ruby/gems/2.1.0/gems/actionpack-4.1.4/lib/action_dispatch/middleware/show_exceptions.rb:30:in `call'
  /home.rbenv/versions/2.1.2/lib/ruby/gems/2.1.0/gems/railties-4.1.4/lib/rails/rack/logger.rb:38:in `call_app'
  /home.rbenv/versions/2.1.2/lib/ruby/gems/2.1.0/gems/railties-4.1.4/lib/rails/rack/logger.rb:20:in `block in call'
  /home.rbenv/versions/2.1.2/lib/ruby/gems/2.1.0/gems/activesupport-4.1.4/lib/active_support/tagged_logging.rb:68:in `block in tagged'
  /home.rbenv/versions/2.1.2/lib/ruby/gems/2.1.0/gems/activesupport-4.1.4/lib/active_support/tagged_logging.rb:26:in `tagged'
  /home.rbenv/versions/2.1.2/lib/ruby/gems/2.1.0/gems/activesupport-4.1.4/lib/active_support/tagged_logging.rb:68:in `tagged'
  /home.rbenv/versions/2.1.2/lib/ruby/gems/2.1.0/gems/railties-4.1.4/lib/rails/rack/logger.rb:20:in `call'
  /home.rbenv/versions/2.1.2/lib/ruby/gems/2.1.0/gems/actionpack-4.1.4/lib/action_dispatch/middleware/request_id.rb:21:in `call'
  /home.rbenv/versions/2.1.2/lib/ruby/gems/2.1.0/gems/rack-1.5.2/lib/rack/methodoverride.rb:21:in `call'
  /home.rbenv/versions/2.1.2/lib/ruby/gems/2.1.0/gems/rack-1.5.2/lib/rack/runtime.rb:17:in `call'
  /home.rbenv/versions/2.1.2/lib/ruby/gems/2.1.0/gems/activesupport-4.1.4/lib/active_support/cache/strategy/local_cache_middleware.rb:26:in `call'
  /home.rbenv/versions/2.1.2/lib/ruby/gems/2.1.0/gems/rack-1.5.2/lib/rack/lock.rb:17:in `call'
  /home.rbenv/versions/2.1.2/lib/ruby/gems/2.1.0/gems/actionpack-4.1.4/lib/action_dispatch/middleware/static.rb:64:in `call'
  /home.rbenv/versions/2.1.2/lib/ruby/gems/2.1.0/gems/rack-1.5.2/lib/rack/sendfile.rb:112:in `call'
  /home.rbenv/versions/2.1.2/lib/ruby/gems/2.1.0/gems/railties-4.1.4/lib/rails/engine.rb:514:in `call'
  /home.rbenv/versions/2.1.2/lib/ruby/gems/2.1.0/gems/railties-4.1.4/lib/rails/application.rb:144:in `call'
  /home.rbenv/versions/2.1.2/lib/ruby/gems/2.1.0/gems/rack-1.5.2/lib/rack/lock.rb:17:in `call'
  /home.rbenv/versions/2.1.2/lib/ruby/gems/2.1.0/gems/rack-1.5.2/lib/rack/content_length.rb:14:in `call'
  /home.rbenv/versions/2.1.2/lib/ruby/gems/2.1.0/gems/rack-1.5.2/lib/rack/handler/webrick.rb:60:in `service'
  /home.rbenv/versions/2.1.2/lib/ruby/2.1.0/webrick/httpserver.rb:138:in `service'
  /home.rbenv/versions/2.1.2/lib/ruby/2.1.0/webrick/httpserver.rb:94:in `run'
  /home.rbenv/versions/2.1.2/lib/ruby/2.1.0/webrick/server.rb:295:in `block in start_thread'


  Rendered /home.rbenv/versions/2.1.2/lib/ruby/gems/2.1.0/gems/actionpack-4.1.4/lib/action_dispatch/middleware/templates/rescues/_source.erb (1.1ms)
  Rendered /home.rbenv/versions/2.1.2/lib/ruby/gems/2.1.0/gems/actionpack-4.1.4/lib/action_dispatch/middleware/templates/rescues/_trace.html.erb (3.1ms)
  Rendered /home.rbenv/versions/2.1.2/lib/ruby/gems/2.1.0/gems/actionpack-4.1.4/lib/action_dispatch/middleware/templates/rescues/_request_and_response.html.erb (2.1ms)
  Rendered /home.rbenv/versions/2.1.2/lib/ruby/gems/2.1.0/gems/actionpack-4.1.4/lib/action_dispatch/middleware/templates/rescues/diagnostics.erb within rescues/layout (30.2ms)


Started GET "/" for 10.0.2.2 at 2014-08-09 17:37:47 +0900
Processing by Rails::WelcomeController#index as HTML
  Rendered /home.rbenv/versions/2.1.2/lib/ruby/gems/2.1.0/gems/railties-4.1.4/lib/rails/templates/rails/welcome/index.html.erb (8.1ms)
Completed 200 OK in 77ms (Views: 39.9ms | ActiveRecord: 0.0ms)


Started GET "/" for 10.0.2.2 at 2014-08-10 09:51:29 +0900
Processing by Rails::WelcomeController#index as HTML
  Rendered /home.rbenv/versions/2.1.2/lib/ruby/gems/2.1.0/gems/railties-4.1.4/lib/rails/templates/rails/welcome/index.html.erb (6.3ms)
Completed 200 OK in 62ms (Views: 32.5ms | ActiveRecord: 0.0ms)
